22.10.2021 13:18:26.761 [main] INFO   Slf4jLogbackExampleApp - Just a log message.
22.10.2021 13:18:26.764 [main] DEBUG  Slf4jLogbackExampleApp - Message for debug level.
22.10.2021 13:18:26.767 [main] ERROR  Slf4jLogbackExampleApp - Failed to read file /file/does/not/exist.
java.nio.file.NoSuchFileException: \file\does\not\exist
	at java.base/sun.nio.fs.WindowsException.translateToIOException(WindowsException.java:85)
	at java.base/sun.nio.fs.WindowsException.rethrowAsIOException(WindowsException.java:103)
	at java.base/sun.nio.fs.WindowsException.rethrowAsIOException(WindowsException.java:108)
	at java.base/sun.nio.fs.WindowsFileSystemProvider.newByteChannel(WindowsFileSystemProvider.java:235)
	at java.base/java.nio.file.Files.newByteChannel(Files.java:371)
	at java.base/java.nio.file.Files.newByteChannel(Files.java:422)
	at java.base/java.nio.file.Files.readAllBytes(Files.java:3206)
	at Slf4jLogbackExampleApp.main(Slf4jLogbackExampleApp.java:18)
22.10.2021 13:24:01.110 [main] INFO   TestConnectionDB - Just a log message.
22.10.2021 13:24:01.311 [main] INFO   TestConnectionDB - Connection to Athlete_Diary succesfull!
22.10.2021 13:28:17.760 [main] INFO   TestConnectionDB - Just a log message.
22.10.2021 13:28:17.764 [main] ERROR  TestConnectionDB - Can't get class. No driver found.
java.lang.ClassNotFoundException: driver
	at java.base/jdk.internal.loader.BuiltinClassLoader.loadClass(BuiltinClassLoader.java:581)
	at java.base/jdk.internal.loader.ClassLoaders$AppClassLoader.loadClass(ClassLoaders.java:178)
	at java.base/java.lang.ClassLoader.loadClass(ClassLoader.java:522)
	at java.base/java.lang.Class.forName0(Native Method)
	at java.base/java.lang.Class.forName(Class.java:315)
	at TestConnectionDB.setConnection(TestConnectionDB.java:27)
	at TestConnectionDB.main(TestConnectionDB.java:52)
22.10.2021 13:28:17.786 [main] ERROR  TestConnectionDB - Can't get connection. Incorrect URLjava.sql.SQLException: No suitable driver found for url
22.10.2021 13:29:24.810 [main] INFO   TestConnectionDB - Just a log message.
22.10.2021 13:29:24.815 [main] ERROR  TestConnectionDB - Can't get class. No driver found.
java.lang.ClassNotFoundException: driver
	at java.base/jdk.internal.loader.BuiltinClassLoader.loadClass(BuiltinClassLoader.java:581)
	at java.base/jdk.internal.loader.ClassLoaders$AppClassLoader.loadClass(ClassLoaders.java:178)
	at java.base/java.lang.ClassLoader.loadClass(ClassLoader.java:522)
	at java.base/java.lang.Class.forName0(Native Method)
	at java.base/java.lang.Class.forName(Class.java:315)
	at TestConnectionDB.setConnection(TestConnectionDB.java:27)
	at TestConnectionDB.main(TestConnectionDB.java:52)
22.10.2021 13:29:24.837 [main] ERROR  TestConnectionDB - Can't get connection. Incorrect URLjava.sql.SQLException: No suitable driver found for url
22.10.2021 13:29:44.376 [main] INFO   TestConnectionDB - Just a log message.
22.10.2021 13:29:44.400 [main] ERROR  TestConnectionDB - Can't get connection. Incorrect URLjava.sql.SQLException: No suitable driver found for url
22.10.2021 13:30:30.543 [main] INFO   TestConnectionDB - Just a log message.
22.10.2021 13:30:30.727 [main] ERROR  TestConnectionDB - Can't get connection. Incorrect URLjava.sql.SQLException: Access denied for user 'user'@'172.17.0.1' (using password: YES)
22.10.2021 13:31:47.754 [main] INFO   TestConnectionDB - Just a log message.
22.10.2021 13:31:47.958 [main] INFO   TestConnectionDB - Connection to Athlete_Diary succesfull!
22.10.2021 13:49:16.671 [main] INFO   TestConnectionDB - Just a log message.
22.10.2021 13:49:16.876 [main] INFO   TestConnectionDB - Connection to Athlete_Diary succesfull!
22.10.2021 13:49:16.888 [main] ERROR  TestConnectionDB - Can't get connection. Incorrect URLcom.mysql.jdbc.exceptions.jdbc4.MySQLSyntaxErrorException: You have an error in your SQL syntax; check the manual that corresponds to your MySQL server version for the right syntax to use near '?????????? FROM Exercises_on_trainingLeft Join Exercises_name ON Exercises_on_tr' at line 1
22.10.2021 13:53:58.934 [main] INFO   TestConnectionDB - Just a log message.
22.10.2021 13:53:59.140 [main] INFO   TestConnectionDB - Connection to Athlete_Diary succesfull!
22.10.2021 13:53:59.148 [main] ERROR  TestConnectionDB - Can't execute querycom.mysql.jdbc.exceptions.jdbc4.MySQLSyntaxErrorException: You have an error in your SQL syntax; check the manual that corresponds to your MySQL server version for the right syntax to use near '?????????? FROM Exercises_on_trainingLeft Join Exercises_name ON Exercises_on_tr' at line 1
22.10.2021 13:55:44.750 [main] INFO   TestConnectionDB - Just a log message.
22.10.2021 13:55:44.958 [main] INFO   TestConnectionDB - Connection to Athlete_Diary succesfull!
22.10.2021 13:57:39.109 [main] INFO   TestConnectionDB - Just a log message.
22.10.2021 13:57:39.336 [main] INFO   TestConnectionDB - Connection to Athlete_Diary succesfull!
22.10.2021 13:57:39.344 [main] ERROR  TestConnectionDB - Can't execute querycom.mysql.jdbc.exceptions.jdbc4.MySQLSyntaxErrorException: You have an error in your SQL syntax; check the manual that corresponds to your MySQL server version for the right syntax to use near '?????????? FROM Exercises_on_training' at line 1
22.10.2021 13:58:10.539 [main] INFO   TestConnectionDB - Just a log message.
22.10.2021 13:58:10.744 [main] INFO   TestConnectionDB - Connection to Athlete_Diary succesfull!
22.10.2021 13:58:30.861 [main] INFO   TestConnectionDB - Just a log message.
22.10.2021 13:58:31.065 [main] INFO   TestConnectionDB - Connection to Athlete_Diary succesfull!
22.10.2021 13:58:31.075 [main] ERROR  TestConnectionDB - Can't execute querycom.mysql.jdbc.exceptions.jdbc4.MySQLSyntaxErrorException: You have an error in your SQL syntax; check the manual that corresponds to your MySQL server version for the right syntax to use near 'Total_repeats <40 AND Total_weight >1' at line 1
22.10.2021 13:58:44.997 [main] INFO   TestConnectionDB - Just a log message.
22.10.2021 13:58:45.202 [main] INFO   TestConnectionDB - Connection to Athlete_Diary succesfull!
22.10.2021 13:58:45.212 [main] ERROR  TestConnectionDB - Can't execute querycom.mysql.jdbc.exceptions.jdbc4.MySQLSyntaxErrorException: You have an error in your SQL syntax; check the manual that corresponds to your MySQL server version for the right syntax to use near 'Total_repeats <40 AND Total_weight >1' at line 1
22.10.2021 13:59:58.885 [main] INFO   TestConnectionDB - Just a log message.
22.10.2021 13:59:59.093 [main] INFO   TestConnectionDB - Connection to Athlete_Diary succesfull!
22.10.2021 14:00:22.909 [main] INFO   TestConnectionDB - Just a log message.
22.10.2021 14:00:23.113 [main] INFO   TestConnectionDB - Connection to Athlete_Diary succesfull!
22.10.2021 14:00:49.924 [main] INFO   TestConnectionDB - Just a log message.
22.10.2021 14:00:50.128 [main] INFO   TestConnectionDB - Connection to Athlete_Diary succesfull!
22.10.2021 14:03:49.529 [main] INFO   TestConnectionDB - Just a log message.
22.10.2021 14:03:49.734 [main] INFO   TestConnectionDB - Connection to Athlete_Diary succesfull!
22.10.2021 14:03:49.738 [main] INFO   TestConnectionDB - Result of the query Жим узким хватом .
22.10.2021 14:03:49.739 [main] INFO   TestConnectionDB - Result of the query Подтягивания .
22.10.2021 14:03:49.740 [main] INFO   TestConnectionDB - Result of the query Отжимания .
22.10.2021 14:03:49.740 [main] INFO   TestConnectionDB - Result of the query Отжимания на брусьях .
22.10.2021 14:03:49.740 [main] INFO   TestConnectionDB - Result of the query Приседания .
22.10.2021 14:03:49.740 [main] INFO   TestConnectionDB - Result of the query Жим стоя .
22.10.2021 14:03:49.740 [main] INFO   TestConnectionDB - Result of the query Жим стоя .
22.10.2021 14:19:03.211 [main] INFO   TestConnectionDB - Just a log message.
22.10.2021 14:19:03.418 [main] INFO   TestConnectionDB - Connection to Athlete_Diary succesfull!
22.10.2021 14:19:03.426 [main] INFO   TestConnectionDB - Result of the query Жим узким хватом .
22.10.2021 14:19:03.427 [main] INFO   TestConnectionDB - Result of the query Подтягивания .
22.10.2021 14:19:03.428 [main] INFO   TestConnectionDB - Result of the query Отжимания .
22.10.2021 14:19:03.428 [main] INFO   TestConnectionDB - Result of the query Отжимания на брусьях .
22.10.2021 14:19:03.428 [main] INFO   TestConnectionDB - Result of the query Приседания .
22.10.2021 14:19:03.428 [main] INFO   TestConnectionDB - Result of the query Жим стоя .
22.10.2021 14:19:03.428 [main] INFO   TestConnectionDB - Result of the query Жим стоя .
22.10.2021 14:19:03.428 [main] INFO   TestConnectionDB - Result of the query Тяга штанги в наклоне .
22.10.2021 14:23:06.460 [main] INFO   TestConnectionDB - Just a log message.
22.10.2021 14:23:06.668 [main] INFO   TestConnectionDB - Connection to Athlete_Diary succesfull!
22.10.2021 14:23:06.681 [main] ERROR  TestConnectionDB - Can't execute querycom.mysql.jdbc.exceptions.jdbc4.MySQLSyntaxErrorException: You have an error in your SQL syntax; check the manual that corresponds to your MySQL server version for the right syntax to use near '2 Offset 1' at line 1
22.10.2021 14:23:26.386 [main] INFO   TestConnectionDB - Just a log message.
22.10.2021 14:23:26.590 [main] INFO   TestConnectionDB - Connection to Athlete_Diary succesfull!
22.10.2021 14:23:26.600 [main] INFO   TestConnectionDB - Result of the query Подтягивания .
22.10.2021 14:23:26.601 [main] INFO   TestConnectionDB - Result of the query Отжимания .
22.10.2021 14:23:43.514 [main] INFO   TestConnectionDB - Just a log message.
22.10.2021 14:23:43.716 [main] INFO   TestConnectionDB - Connection to Athlete_Diary succesfull!
22.10.2021 14:23:43.727 [main] INFO   TestConnectionDB - Result of the query Подтягивания .
22.10.2021 14:23:43.728 [main] INFO   TestConnectionDB - Result of the query Отжимания .
22.10.2021 14:23:43.729 [main] INFO   TestConnectionDB - Result of the query Отжимания на брусьях .
22.10.2021 14:23:43.729 [main] INFO   TestConnectionDB - Result of the query Приседания .
22.10.2021 14:32:00.193 [main] INFO   TestConnectionDB - Just a log message.
22.10.2021 14:32:00.412 [main] INFO   TestConnectionDB - Connection to Athlete_Diary succesfull!
22.10.2021 14:32:00.419 [main] INFO   TestConnectionDB - Result of the query Подтягивания .
22.10.2021 14:32:00.420 [main] INFO   TestConnectionDB - Result of the query Отжимания .
22.10.2021 14:32:00.420 [main] INFO   TestConnectionDB - Result of the query Отжимания на брусьях .
22.10.2021 14:32:00.420 [main] INFO   TestConnectionDB - Result of the query Приседания .
22.10.2021 14:34:28.451 [main] INFO   TestConnectionDB - Just a log message.
22.10.2021 14:34:28.657 [main] INFO   TestConnectionDB - Connection to Athlete_Diary succesfull!
22.10.2021 14:34:28.665 [main] INFO   TestConnectionDB - Result of the query Подтягивания .
22.10.2021 14:34:28.667 [main] INFO   TestConnectionDB - Result of the query Отжимания .
22.10.2021 14:34:28.667 [main] INFO   TestConnectionDB - Result of the query Отжимания на брусьях .
22.10.2021 14:34:28.667 [main] INFO   TestConnectionDB - Result of the query Приседания .
22.10.2021 14:36:35.741 [main] INFO   TestConnectionDB - Just a log message.
22.10.2021 14:36:35.745 [main] ERROR  TestConnectionDB - Can't get class. No driver found.
java.lang.ClassNotFoundException: driver
	at java.base/jdk.internal.loader.BuiltinClassLoader.loadClass(BuiltinClassLoader.java:581)
	at java.base/jdk.internal.loader.ClassLoaders$AppClassLoader.loadClass(ClassLoaders.java:178)
	at java.base/java.lang.ClassLoader.loadClass(ClassLoader.java:522)
	at java.base/java.lang.Class.forName0(Native Method)
	at java.base/java.lang.Class.forName(Class.java:315)
	at Test2.ssetConnection(Test2.java:20)
	at Test2.main(Test2.java:68)
22.10.2021 14:36:35.768 [main] ERROR  TestConnectionDB - Can't get connection. Incorrect URLjava.sql.SQLException: No suitable driver found for url
22.10.2021 14:37:06.952 [main] INFO   Test2 - Just a log message.
22.10.2021 14:37:06.956 [main] ERROR  Test2 - Can't get class. No driver found.
java.lang.ClassNotFoundException: driver
	at java.base/jdk.internal.loader.BuiltinClassLoader.loadClass(BuiltinClassLoader.java:581)
	at java.base/jdk.internal.loader.ClassLoaders$AppClassLoader.loadClass(ClassLoaders.java:178)
	at java.base/java.lang.ClassLoader.loadClass(ClassLoader.java:522)
	at java.base/java.lang.Class.forName0(Native Method)
	at java.base/java.lang.Class.forName(Class.java:315)
	at Test2.ssetConnection(Test2.java:20)
	at Test2.main(Test2.java:68)
22.10.2021 14:37:06.979 [main] ERROR  Test2 - Can't get connection. Incorrect URLjava.sql.SQLException: No suitable driver found for url
22.10.2021 14:37:27.826 [main] INFO   TestConnectionDB - Just a log message.
22.10.2021 14:37:28.042 [main] INFO   TestConnectionDB - Connection to Athlete_Diary succesfull!
22.10.2021 14:37:28.051 [main] INFO   TestConnectionDB - Result of the query Подтягивания .
22.10.2021 14:37:28.052 [main] INFO   TestConnectionDB - Result of the query Отжимания .
22.10.2021 14:37:28.053 [main] INFO   TestConnectionDB - Result of the query Отжимания на брусьях .
22.10.2021 14:37:28.053 [main] INFO   TestConnectionDB - Result of the query Приседания .
